   Compiling kompact-examples v0.9.0 (/Users/lkroll/Programming/Kompics/kompact/docs/examples)
    Finished dev [unoptimized + debuginfo] target(s) in 5.81s
     Running `/Users/lkroll/Programming/Kompics/kompact/target/debug/dns-resolver`
Sending request for www.google.com
Jul 10 17:48:20.613 TRCE Initialised., ctype: DeadletterBox, cid: 25fca975-6691-483a-baa3-0407124a7526, system: kompact-runtime-1, location: core/src/component/context.rs:76
Jul 10 17:48:20.614 TRCE Initialised., ctype: LocalDispatcher, cid: 08117639-801b-4722-a33c-060acaff0c8d, system: kompact-runtime-1, location: core/src/component/context.rs:76
Jul 10 17:48:20.614 TRCE Initialised., ctype: ComponentSupervisor, cid: 166a4b90-5edf-4dd8-b091-7d34adeb529a, system: kompact-runtime-1, location: core/src/component/context.rs:76
Jul 10 17:48:20.614 DEBG Component started., cid: 25fca975-6691-483a-baa3-0407124a7526, system: kompact-runtime-1, location: core/src/component/actual_component.rs:255
Jul 10 17:48:20.614 DEBG Starting DeadletterBox, ctype: DeadletterBox, cid: 25fca975-6691-483a-baa3-0407124a7526, system: kompact-runtime-1, location: core/src/default_components.rs:179
Jul 10 17:48:20.614 DEBG Component started., cid: 08117639-801b-4722-a33c-060acaff0c8d, system: kompact-runtime-1, location: core/src/component/actual_component.rs:255
Jul 10 17:48:20.614 DEBG Starting LocalDispatcher, ctype: LocalDispatcher, cid: 08117639-801b-4722-a33c-060acaff0c8d, system: kompact-runtime-1, location: core/src/default_components.rs:239
Jul 10 17:48:20.614 DEBG Component started., cid: 166a4b90-5edf-4dd8-b091-7d34adeb529a, system: kompact-runtime-1, location: core/src/component/actual_component.rs:255
Jul 10 17:48:20.614 DEBG Started supervisor., ctype: ComponentSupervisor, cid: 166a4b90-5edf-4dd8-b091-7d34adeb529a, system: kompact-runtime-1, location: core/src/supervision.rs:116
Jul 10 17:48:20.614 TRCE Initialised., ctype: DNSComponent, cid: ea3e3ae9-145a-4221-9d69-e9b7d693ed8a, system: kompact-runtime-1, location: core/src/component/context.rs:76
Jul 10 17:48:20.614 DEBG Component started., cid: ea3e3ae9-145a-4221-9d69-e9b7d693ed8a, system: kompact-runtime-1, location: core/src/component/actual_component.rs:255
Jul 10 17:48:20.614 INFO Starting..., ctype: DNSComponent, cid: ea3e3ae9-145a-4221-9d69-e9b7d693ed8a, system: kompact-runtime-1, location: docs/examples/src/bin/dns-resolver.rs:25
Jul 10 17:48:20.614 TRCE Component has been blocked, cid: ea3e3ae9-145a-4221-9d69-e9b7d693ed8a, system: kompact-runtime-1, location: core/src/component/actual_component.rs:306
Jul 10 17:48:20.614 INFO Started!, ctype: DNSComponent, cid: ea3e3ae9-145a-4221-9d69-e9b7d693ed8a, system: kompact-runtime-1, location: docs/examples/src/bin/dns-resolver.rs:34
Jul 10 17:48:20.615 INFO Got request for domain: www.google.com, ctype: DNSComponent, cid: ea3e3ae9-145a-4221-9d69-e9b7d693ed8a, system: kompact-runtime-1, location: docs/examples/src/bin/dns-resolver.rs:51
Jul 10 17:48:20.615 DEBG Component(ea3e3ae9-145a-4221-9d69-e9b7d693ed8a) was started., ctype: ComponentSupervisor, cid: 166a4b90-5edf-4dd8-b091-7d34adeb529a, system: kompact-runtime-1, location: core/src/supervision.rs:140
Jul 10 17:48:23.009 INFO Got reply for domain: www.google.com, ctype: DNSComponent, cid: ea3e3ae9-145a-4221-9d69-e9b7d693ed8a, system: kompact-runtime-1, location: docs/examples/src/bin/dns-resolver.rs:58
Got 0. A(216.58.207.228)
Jul 10 17:48:23.009 DEBG Component dying, cid: ea3e3ae9-145a-4221-9d69-e9b7d693ed8a, system: kompact-runtime-1, location: core/src/component/actual_component.rs:278
Jul 10 17:48:23.009 DEBG Supervisor got shutdown request., ctype: ComponentSupervisor, cid: 166a4b90-5edf-4dd8-b091-7d34adeb529a, system: kompact-runtime-1, location: core/src/supervision.rs:225
Jul 10 17:48:23.010 TRCE Killing 1 children., ctype: ComponentSupervisor, cid: 166a4b90-5edf-4dd8-b091-7d34adeb529a, system: kompact-runtime-1, location: core/src/supervision.rs:233
Jul 10 17:48:23.010 DEBG Component killed, cid: ea3e3ae9-145a-4221-9d69-e9b7d693ed8a, system: kompact-runtime-1, location: core/src/component/actual_component.rs:218
Jul 10 17:48:23.010 DEBG Component dying, cid: ea3e3ae9-145a-4221-9d69-e9b7d693ed8a, system: kompact-runtime-1, location: core/src/component/actual_component.rs:278
Jul 10 17:48:23.010 DEBG Component killed, cid: ea3e3ae9-145a-4221-9d69-e9b7d693ed8a, system: kompact-runtime-1, location: core/src/component/actual_component.rs:218
Jul 10 17:48:23.010 TRCE Not running inactive scheduled., cid: ea3e3ae9-145a-4221-9d69-e9b7d693ed8a, system: kompact-runtime-1, location: core/src/component/actual_component.rs:322
Jul 10 17:48:23.010 DEBG Component(ea3e3ae9-145a-4221-9d69-e9b7d693ed8a) was killed but there are still outstanding references preventing deallocation., ctype: ComponentSupervisor, cid: 166a4b90-5edf-4dd8-b091-7d34adeb529a, system: kompact-runtime-1, location: core/src/supervision.rs:178
Jul 10 17:48:23.010 DEBG Last child of the Supervisor is dead or faulty!, ctype: ComponentSupervisor, cid: 166a4b90-5edf-4dd8-b091-7d34adeb529a, system: kompact-runtime-1, location: core/src/supervision.rs:94
Jul 10 17:48:23.010 WARN An untracked Component(ea3e3ae9-145a-4221-9d69-e9b7d693ed8a) was killed., ctype: ComponentSupervisor, cid: 166a4b90-5edf-4dd8-b091-7d34adeb529a, system: kompact-runtime-1, location: core/src/supervision.rs:189
Jul 10 17:48:23.010 DEBG Component dying, cid: 08117639-801b-4722-a33c-060acaff0c8d, system: kompact-runtime-1, location: core/src/component/actual_component.rs:278
Jul 10 17:48:23.010 DEBG Killing..., ctype: LocalDispatcher, cid: 08117639-801b-4722-a33c-060acaff0c8d, system: kompact-runtime-1, location: core/src/component/definition.rs:171
Jul 10 17:48:23.010 DEBG Component killed, cid: 08117639-801b-4722-a33c-060acaff0c8d, system: kompact-runtime-1, location: core/src/component/actual_component.rs:218
Jul 10 17:48:23.010 TRCE Not running inactive scheduled., cid: 08117639-801b-4722-a33c-060acaff0c8d, system: kompact-runtime-1, location: core/src/component/actual_component.rs:322
Jul 10 17:48:23.010 DEBG Component dying, cid: 25fca975-6691-483a-baa3-0407124a7526, system: kompact-runtime-1, location: core/src/component/actual_component.rs:278
Jul 10 17:48:23.010 DEBG Killing..., ctype: DeadletterBox, cid: 25fca975-6691-483a-baa3-0407124a7526, system: kompact-runtime-1, location: core/src/component/definition.rs:171
Jul 10 17:48:23.010 DEBG Component killed, cid: 25fca975-6691-483a-baa3-0407124a7526, system: kompact-runtime-1, location: core/src/component/actual_component.rs:218
Jul 10 17:48:23.010 TRCE Not running inactive scheduled., cid: 25fca975-6691-483a-baa3-0407124a7526, system: kompact-runtime-1, location: core/src/component/actual_component.rs:322
